2022-05-08 09:20:06.981  INFO 19080 --- [main] c.c.s.BookMyDoctorServerApplicationTests : Starting BookMyDoctorServerApplicationTests using Java 17.0.2 on Sandy69 with PID 19080 (started by hp in E:\springBoot Workspace\SpringProjectApplication\BookMyDoctorGITHUB\ServerBranch)
2022-05-08 09:20:06.988  INFO 19080 --- [main] c.c.s.BookMyDoctorServerApplicationTests : No active profile set, falling back to 1 default profile: "default"
2022-05-08 09:20:08.083  INFO 19080 --- [main] o.s.cloud.context.scope.GenericScope     : BeanFactory id=3af10ca1-9cc2-3a58-af2b-417574d33cdc
2022-05-08 09:20:10.200  INFO 19080 --- [main] DiscoveryClientOptionalArgsConfiguration : Eureka HTTP Client uses Jersey
2022-05-08 09:20:10.338  WARN 19080 --- [main] iguration$LoadBalancerCaffeineWarnLogger : Spring Cloud LoadBalancer is currently working with the default cache. While this cache implementation is useful for development and tests, it's recommended to use Caffeine cache in production.You can switch to using Caffeine cache, by adding it and org.springframework.cache.caffeine.CaffeineCacheManager to the classpath.
2022-05-08 09:20:10.722  INFO 19080 --- [main] o.s.c.n.eureka.InstanceInfoFactory       : Setting initial instance status as: STARTING
2022-05-08 09:20:10.755  INFO 19080 --- [main] com.netflix.discovery.DiscoveryClient    : Initializing Eureka in region us-east-1
2022-05-08 09:20:10.757  INFO 19080 --- [main] com.netflix.discovery.DiscoveryClient    : Client configured to neither register nor query for data.
2022-05-08 09:20:10.769  INFO 19080 --- [main] com.netflix.discovery.DiscoveryClient    : Discovery Client initialized at timestamp 1651981810768 with initial instances count: 0
2022-05-08 09:20:10.820  INFO 19080 --- [main] c.n.eureka.DefaultEurekaServerContext    : Initializing ...
2022-05-08 09:20:10.822  INFO 19080 --- [main] c.n.eureka.cluster.PeerEurekaNodes       : Adding new peer nodes [http://localhost:8761/eureka/]
2022-05-08 09:20:11.220  INFO 19080 --- [main] c.n.d.provider.DiscoveryJerseyProvider   : Using JSON encoding codec LegacyJacksonJson
2022-05-08 09:20:11.221  INFO 19080 --- [main] c.n.d.provider.DiscoveryJerseyProvider   : Using JSON decoding codec LegacyJacksonJson
2022-05-08 09:20:11.221  INFO 19080 --- [main] c.n.d.provider.DiscoveryJerseyProvider   : Using XML encoding codec XStreamXml
2022-05-08 09:20:11.221  INFO 19080 --- [main] c.n.d.provider.DiscoveryJerseyProvider   : Using XML decoding codec XStreamXml
2022-05-08 09:20:11.505  INFO 19080 --- [main] c.n.eureka.cluster.PeerEurekaNodes       : Replica node URL:  http://localhost:8761/eureka/
2022-05-08 09:20:11.512  INFO 19080 --- [main] c.n.e.registry.AbstractInstanceRegistry  : Finished initializing remote region registries. All known remote regions: []
2022-05-08 09:20:11.513  INFO 19080 --- [main] c.n.eureka.DefaultEurekaServerContext    : Initialized
2022-05-08 09:20:11.622  INFO 19080 --- [main] o.s.b.a.e.web.EndpointLinksResolver      : Exposing 3 endpoint(s) beneath base path '/actuator'
2022-05-08 09:20:11.672  INFO 19080 --- [main] o.s.c.n.e.s.EurekaServiceRegistry        : Registering application UNKNOWN with eureka with status UP
2022-05-08 09:20:11.678  INFO 19080 --- [Thread-9] o.s.c.n.e.server.EurekaServerBootstrap   : Setting the eureka configuration..
2022-05-08 09:20:11.688  INFO 19080 --- [Thread-9] o.s.c.n.e.server.EurekaServerBootstrap   : isAws returned false
2022-05-08 09:20:11.695  INFO 19080 --- [Thread-9] o.s.c.n.e.server.EurekaServerBootstrap   : Initialized server context
2022-05-08 09:20:11.695  INFO 19080 --- [Thread-9] c.n.e.r.PeerAwareInstanceRegistryImpl    : Got 1 instances from neighboring DS node
2022-05-08 09:20:11.696  INFO 19080 --- [Thread-9] c.n.e.r.PeerAwareInstanceRegistryImpl    : Renew threshold is: 1
2022-05-08 09:20:11.696  INFO 19080 --- [Thread-9] c.n.e.r.PeerAwareInstanceRegistryImpl    : Changing status to UP
2022-05-08 09:20:11.698  INFO 19080 --- [main] c.c.s.BookMyDoctorServerApplicationTests : Started BookMyDoctorServerApplicationTests in 5.414 seconds (JVM running for 6.781)
2022-05-08 09:20:11.709  INFO 19080 --- [Thread-9] e.s.EurekaServerInitializerConfiguration : Started Eureka Server
2022-05-08 09:20:12.460  INFO 19080 --- [SpringApplicationShutdownHook] o.s.c.n.e.s.EurekaServiceRegistry        : Unregistering application UNKNOWN with eureka with status DOWN
2022-05-08 09:20:12.465  INFO 19080 --- [SpringApplicationShutdownHook] o.s.c.n.e.server.EurekaServerBootstrap   : Shutting down Eureka Server..
2022-05-08 09:20:12.470  INFO 19080 --- [SpringApplicationShutdownHook] c.n.eureka.DefaultEurekaServerContext    : Shutting down ...
2022-05-08 09:20:12.484  INFO 19080 --- [SpringApplicationShutdownHook] c.n.eureka.DefaultEurekaServerContext    : Shut down
2022-05-08 09:20:12.484  INFO 19080 --- [SpringApplicationShutdownHook] o.s.c.n.e.server.EurekaServerBootstrap   : Eureka Service is now shutdown...
2022-05-08 09:20:12.484  INFO 19080 --- [SpringApplicationShutdownHook] c.n.eureka.DefaultEurekaServerContext    : Shutting down ...
2022-05-08 09:20:12.490  INFO 19080 --- [SpringApplicationShutdownHook] c.n.eureka.DefaultEurekaServerContext    : Shut down
2022-05-08 09:20:12.498  INFO 19080 --- [SpringApplicationShutdownHook] com.netflix.discovery.DiscoveryClient    : Shutting down DiscoveryClient ...
2022-05-08 09:20:12.499  INFO 19080 --- [SpringApplicationShutdownHook] com.netflix.discovery.DiscoveryClient    : Completed shut down of DiscoveryClient
